<?xml version="1.0" encoding="UTF-8"?>
<!-- Generated by org.testng.reporters.JUnitXMLReporter -->
<testsuite ignored="1" hostname="WIN-UHUGTU479GR" failures="0" tests="9" name="Test" time="0.486" errors="0" timestamp="2022-07-27T00:08:13 MSK">
  <testcase classname="TestNG.TestNgExampleTwo" name="alpha" time="0.021"/>
  <testcase classname="TestNG.TestNgExampleTwo" name="beta" time="0.005"/>
  <testcase classname="TestNG.TestNgExampleTwo" name="gamma" time="0.016"/>
  <testcase classname="TestNG.TestngExamples" name="methodOne" time="0.009"/>
  <testcase classname="TestNG.TestngExamples" name="methodOne" time="0.016"/>
  <testcase classname="TestNG.TestngExamples" name="methodOne" time="0.016"/>
  <testcase classname="TestNG.TestngExamples" name="methodOne" time="0.01"/>
  <testcase classname="TestNG.TestngExamples" name="methodOne" time="0.012"/>
  <testcase classname="TestNG.TestngExamples" name="methodThree" time="0.016"/>
  <testcase classname="TestNG.TestngExamples" name="methodTwo" time="0.0">
    <ignored/>
  </testcase> <!-- methodTwo -->
</testsuite> <!-- Test -->
