<?xml version="1.0" encoding="UTF-8"?>
<testng-results ignored="1" total="10" passed="9" failed="0" skipped="0">
  <reporter-output>
  </reporter-output>
  <suite started-at="2022-07-27T00:08:12 MSK" name="Suite" finished-at="2022-07-27T00:08:13 MSK" duration-ms="486">
    <groups>
    </groups>
    <test started-at="2022-07-27T00:08:12 MSK" name="Test" finished-at="2022-07-27T00:08:13 MSK" duration-ms="486">
      <class name="TestNG.TestngExamples">
        <test-method signature="methodOne()[pri:1, instance:TestNG.TestngExamples@2fb68ec6]" started-at="2022-07-27T00:08:13 MSK" name="methodOne" finished-at="2022-07-27T00:08:13 MSK" duration-ms="9" status="PASS">
          <reporter-output>
          </reporter-output>
        </test-method> <!-- methodOne -->
        <test-method signature="methodOne()[pri:1, instance:TestNG.TestngExamples@2fb68ec6]" started-at="2022-07-27T00:08:13 MSK" name="methodOne" finished-at="2022-07-27T00:08:13 MSK" duration-ms="16" status="PASS">
          <reporter-output>
          </reporter-output>
        </test-method> <!-- methodOne -->
        <test-method signature="methodOne()[pri:1, instance:TestNG.TestngExamples@2fb68ec6]" started-at="2022-07-27T00:08:13 MSK" name="methodOne" finished-at="2022-07-27T00:08:13 MSK" duration-ms="16" status="PASS">
          <reporter-output>
          </reporter-output>
        </test-method> <!-- methodOne -->
        <test-method signature="methodOne()[pri:1, instance:TestNG.TestngExamples@2fb68ec6]" started-at="2022-07-27T00:08:13 MSK" name="methodOne" finished-at="2022-07-27T00:08:13 MSK" duration-ms="10" status="PASS">
          <reporter-output>
          </reporter-output>
        </test-method> <!-- methodOne -->
        <test-method signature="methodOne()[pri:1, instance:TestNG.TestngExamples@2fb68ec6]" started-at="2022-07-27T00:08:13 MSK" name="methodOne" finished-at="2022-07-27T00:08:13 MSK" duration-ms="12" status="PASS">
          <reporter-output>
          </reporter-output>
        </test-method> <!-- methodOne -->
        <test-method signature="methodThree()[pri:3, instance:TestNG.TestngExamples@2fb68ec6]" started-at="2022-07-27T00:08:13 MSK" name="methodThree" finished-at="2022-07-27T00:08:13 MSK" duration-ms="16" status="PASS">
          <reporter-output>
          </reporter-output>
        </test-method> <!-- methodThree -->
      </class> <!-- TestNG.TestngExamples -->
      <class name="TestNG.TestNgExampleTwo">
        <test-method is-config="true" signature="beforetest()[pri:0, instance:TestNG.TestNgExampleTwo@5a12c728]" started-at="2022-07-27T00:08:12 MSK" name="beforetest" finished-at="2022-07-27T00:08:12 MSK" duration-ms="48" status="PASS">
          <reporter-output>
          </reporter-output>
        </test-method> <!-- beforetest -->
        <test-method is-config="true" signature="beforeclass()[pri:0, instance:TestNG.TestNgExampleTwo@5a12c728]" started-at="2022-07-27T00:08:12 MSK" name="beforeclass" finished-at="2022-07-27T00:08:12 MSK" duration-ms="3" status="PASS">
          <reporter-output>
          </reporter-output>
        </test-method> <!-- beforeclass -->
        <test-method is-config="true" signature="beforeMethod()[pri:0, instance:TestNG.TestNgExampleTwo@5a12c728]" started-at="2022-07-27T00:08:13 MSK" name="beforeMethod" finished-at="2022-07-27T00:08:13 MSK" duration-ms="1" status="PASS">
          <reporter-output>
          </reporter-output>
        </test-method> <!-- beforeMethod -->
        <test-method signature="alpha()[pri:0, instance:TestNG.TestNgExampleTwo@5a12c728]" started-at="2022-07-27T00:08:13 MSK" name="alpha" finished-at="2022-07-27T00:08:13 MSK" duration-ms="21" status="PASS">
          <reporter-output>
          </reporter-output>
        </test-method> <!-- alpha -->
        <test-method is-config="true" signature="afterMethod()[pri:0, instance:TestNG.TestNgExampleTwo@5a12c728]" started-at="2022-07-27T00:08:13 MSK" name="afterMethod" finished-at="2022-07-27T00:08:13 MSK" duration-ms="2" status="PASS">
          <reporter-output>
          </reporter-output>
        </test-method> <!-- afterMethod -->
        <test-method is-config="true" signature="beforeMethod()[pri:0, instance:TestNG.TestNgExampleTwo@5a12c728]" started-at="2022-07-27T00:08:13 MSK" name="beforeMethod" finished-at="2022-07-27T00:08:13 MSK" duration-ms="0" status="PASS">
          <reporter-output>
          </reporter-output>
        </test-method> <!-- beforeMethod -->
        <test-method signature="beta()[pri:0, instance:TestNG.TestNgExampleTwo@5a12c728]" started-at="2022-07-27T00:08:13 MSK" name="beta" finished-at="2022-07-27T00:08:13 MSK" duration-ms="5" status="PASS">
          <reporter-output>
          </reporter-output>
        </test-method> <!-- beta -->
        <test-method is-config="true" signature="afterMethod()[pri:0, instance:TestNG.TestNgExampleTwo@5a12c728]" started-at="2022-07-27T00:08:13 MSK" name="afterMethod" finished-at="2022-07-27T00:08:13 MSK" duration-ms="9" status="PASS">
          <reporter-output>
          </reporter-output>
        </test-method> <!-- afterMethod -->
        <test-method is-config="true" signature="beforeMethod()[pri:0, instance:TestNG.TestNgExampleTwo@5a12c728]" started-at="2022-07-27T00:08:13 MSK" name="beforeMethod" finished-at="2022-07-27T00:08:13 MSK" duration-ms="5" status="PASS">
          <reporter-output>
          </reporter-output>
        </test-method> <!-- beforeMethod -->
        <test-method signature="gamma()[pri:0, instance:TestNG.TestNgExampleTwo@5a12c728]" started-at="2022-07-27T00:08:13 MSK" name="gamma" finished-at="2022-07-27T00:08:13 MSK" duration-ms="16" status="PASS">
          <reporter-output>
          </reporter-output>
        </test-method> <!-- gamma -->
        <test-method is-config="true" signature="afterMethod()[pri:0, instance:TestNG.TestNgExampleTwo@5a12c728]" started-at="2022-07-27T00:08:13 MSK" name="afterMethod" finished-at="2022-07-27T00:08:13 MSK" duration-ms="4" status="PASS">
          <reporter-output>
          </reporter-output>
        </test-method> <!-- afterMethod -->
        <test-method is-config="true" signature="afterclass()[pri:0, instance:TestNG.TestNgExampleTwo@5a12c728]" started-at="2022-07-27T00:08:13 MSK" name="afterclass" finished-at="2022-07-27T00:08:13 MSK" duration-ms="1" status="PASS">
          <reporter-output>
          </reporter-output>
        </test-method> <!-- afterclass -->
        <test-method is-config="true" signature="Aftertest()[pri:0, instance:TestNG.TestNgExampleTwo@5a12c728]" started-at="2022-07-27T00:08:13 MSK" name="Aftertest" finished-at="2022-07-27T00:08:13 MSK" duration-ms="5" status="PASS">
          <reporter-output>
          </reporter-output>
        </test-method> <!-- Aftertest -->
      </class> <!-- TestNG.TestNgExampleTwo -->
    </test> <!-- Test -->
  </suite> <!-- Suite -->
</testng-results>
